<?xml version="1.0" encoding="UTF-8"?>
<testsuite xmlns:xsi="http://www.w3.org/2001/XMLSchema-instance" xsi:noNamespaceSchemaLocation="https://maven.apache.org/surefire/maven-surefire-plugin/xsd/surefire-test-report-3.0.xsd" version="3.0" name="com.nightvigilance.nvBackend.NvBackendApplicationTests" time="9.749" tests="1" errors="0" skipped="0" failures="0">
  <properties>
[...]
</properties>
  <testcase name="contextLoads" classname="com.nightvigilance.nvBackend.NvBackendApplicationTests" time="0.675">
    <system-out><![CDATA[15:17:02.071 [main] INFO org.springframework.test.context.support.AnnotationConfigContextLoaderUtils -- Could not detect default configuration classes for test class [com.nightvigilance.nvBackend.NvBackendApplicationTests]: NvBackendApplicationTests does not declare any static, non-private, non-final, nested classes annotated with @Configuration.
15:17:02.317 [main] INFO org.springframework.boot.test.context.SpringBootTestContextBootstrapper -- Found @SpringBootConfiguration com.nightvigilance.nvBackend.NvBackendApplication for test class com.nightvigilance.nvBackend.NvBackendApplicationTests
15:17:02.618 [main] INFO org.springframework.boot.devtools.restart.RestartApplicationListener -- Restart disabled due to context in which it is running
  .   ____          _            __ _ _
 /\\ / ___'_ __ _ _(_)_ __  __ _ \ \ \ \
( ( )\___ | '_ | '_| | '_ \/ _` | \ \ \ \
 \\/  ___)| |_)| | | | | || (_| |  ) ) ) )
  '  |____| .__|_| |_|_| |_\__, | / / / /
 =========|_|==============|___/=/_/_/_/

 :: Spring Boot ::                (v3.3.0)

2024-06-18T15:17:03.016+05:30  INFO 2344 --- [           main] c.n.nvBackend.NvBackendApplicationTests  : Starting NvBackendApplicationTests using Java 17.0.11 with PID 2344 (started by vijay in C:\Users\vijay\Desktop\nvBackend\nvBackend)
2024-06-18T15:17:03.018+05:30  INFO 2344 --- [           main] c.n.nvBackend.NvBackendApplicationTests  : No active profile set, falling back to 1 default profile: "default"
2024-06-18T15:17:04.095+05:30  INFO 2344 --- [           main] .s.d.r.c.RepositoryConfigurationDelegate : Bootstrapping Spring Data JPA repositories in DEFAULT mode.
2024-06-18T15:17:04.295+05:30  INFO 2344 --- [           main] .s.d.r.c.RepositoryConfigurationDelegate : Finished Spring Data repository scanning in 174 ms. Found 10 JPA repository interfaces.
2024-06-18T15:17:05.066+05:30  INFO 2344 --- [           main] o.hibernate.jpa.internal.util.LogHelper  : HHH000204: Processing PersistenceUnitInfo [name: default]
2024-06-18T15:17:05.180+05:30  INFO 2344 --- [           main] org.hibernate.Version                    : HHH000412: Hibernate ORM core version 6.5.2.Final
2024-06-18T15:17:05.251+05:30  INFO 2344 --- [           main] o.h.c.internal.RegionFactoryInitiator    : HHH000026: Second-level cache disabled
2024-06-18T15:17:05.862+05:30  INFO 2344 --- [           main] o.s.o.j.p.SpringPersistenceUnitInfo      : No LoadTimeWeaver setup: ignoring JPA class transformer
2024-06-18T15:17:05.909+05:30  INFO 2344 --- [           main] com.zaxxer.hikari.HikariDataSource       : HikariPool-1 - Starting...
2024-06-18T15:17:06.508+05:30  INFO 2344 --- [           main] com.zaxxer.hikari.pool.HikariPool        : HikariPool-1 - Added connection com.mysql.cj.jdbc.ConnectionImpl@145a821d
2024-06-18T15:17:06.513+05:30  INFO 2344 --- [           main] com.zaxxer.hikari.HikariDataSource       : HikariPool-1 - Start completed.
2024-06-18T15:17:06.596+05:30  WARN 2344 --- [           main] org.hibernate.orm.deprecation            : HHH90000025: MySQLDialect does not need to be specified explicitly using 'hibernate.dialect' (remove the property setting and it will be selected by default)
2024-06-18T15:17:07.986+05:30  INFO 2344 --- [           main] o.h.e.t.j.p.i.JtaPlatformInitiator       : HHH000489: No JTA platform available (set 'hibernate.transaction.jta.platform' to enable JTA platform integration)
Hibernate: create table action (id integer not null auto_increment, action_name varchar(255), email varchar(255), emp_id integer not null, emp_name varchar(255), action_img_id integer, dept integer, desig integer, loc_id integer, primary key (id)) engine=InnoDB
Hibernate: create table dept (id integer not null auto_increment, dept_name varchar(255), loc_id integer, primary key (id)) engine=InnoDB
Hibernate: create table desig (id integer not null auto_increment, desig_name varchar(255), dept_id integer, location_id integer, primary key (id)) engine=InnoDB
Hibernate: create table img (id integer not null auto_increment, img_link varchar(255), action_id integer, primary key (id)) engine=InnoDB
Hibernate: create table loc (id integer not null auto_increment, location_name varchar(255), primary key (id)) engine=InnoDB
Hibernate: create table members (id integer not null auto_increment, contact integer not null, emp_code integer not null, hod varchar(255), mail varchar(255), member_name varchar(255), reporting_officer varchar(255), department integer, desig integer, roaster_id integer, primary key (id)) engine=InnoDB
Hibernate: create table roaster (id integer not null auto_increment, date_time datetime(6), sec_staff varchar(255), shift_incharge_name varchar(255), team_head_mail varchar(255), time time(6), action_id integer, members_id integer, primary key (id)) engine=InnoDB
Hibernate: create table role (id integer not null auto_increment, role_name varchar(255), primary key (id)) engine=InnoDB
Hibernate: create table user (id integer not null auto_increment, user_mail varchar(255), user_name varchar(255), dept_id integer, designation_id integer, location_id integer, primary key (id)) engine=InnoDB
Hibernate: create table user_role (id integer not null auto_increment, role_id integer, user_id integer, primary key (id)) engine=InnoDB
Hibernate: alter table action add constraint FKcndgilfio247yyyhqpvvmch4q foreign key (action_img_id) references img (id)
Hibernate: alter table action add constraint FK3hip14cune2oxshnsir6h6tnf foreign key (dept) references dept (id)
Hibernate: alter table action add constraint FKt59wqlmfnekps2s3u9wcwm2fl foreign key (desig) references desig (id)
Hibernate: alter table action add constraint FKoeiolt0m67pbn4308q6osrefp foreign key (loc_id) references loc (id)
Hibernate: alter table dept add constraint FKrk1ubfnvp1v8q1qeiyheiw1gj foreign key (loc_id) references loc (id)
Hibernate: alter table desig add constraint FKhstygiqm9ic2pb3egi2xiy41k foreign key (dept_id) references dept (id)
Hibernate: alter table desig add constraint FK1q0pcueqekypiuxgviwq37lnj foreign key (location_id) references loc (id)
Hibernate: alter table img add constraint FK7yevhdalv3trnfiq30yb5ni4n foreign key (action_id) references action (id)
Hibernate: alter table members add constraint FK7e3f3xc4f32shrf784rjv5y53 foreign key (department) references dept (id)
Hibernate: alter table members add constraint FK6atfmcyi8yxomico5lear5e96 foreign key (desig) references desig (id)
Hibernate: alter table members add constraint FKcvfufqqg2acka15mymihuif9c foreign key (roaster_id) references roaster (id)
Hibernate: alter table roaster add constraint FKkmckl6bf39dd42hq6idl47aqe foreign key (action_id) references action (id)
Hibernate: alter table roaster add constraint FK1vdn30afp0tysp62w7ub4axmu foreign key (members_id) references members (id)
Hibernate: alter table user add constraint FK5rwmryny6jthaaxkogownknqp foreign key (dept_id) references dept (id)
Hibernate: alter table user add constraint FK2ygnjoboeilqkrbolm8gevbsk foreign key (designation_id) references desig (id)
Hibernate: alter table user add constraint FKk3xw68fa92tbgf5o5dn30yft8 foreign key (location_id) references loc (id)
Hibernate: alter table user_role add constraint FKa68196081fvovjhkek5m97n3y foreign key (role_id) references role (id)
Hibernate: alter table user_role add constraint FK859n2jvi8ivhui0rl0esws6o foreign key (user_id) references user (id)
2024-06-18T15:17:09.759+05:30  INFO 2344 --- [           main] j.LocalContainerEntityManagerFactoryBean : Initialized JPA EntityManagerFactory for persistence unit 'default'
2024-06-18T15:17:09.949+05:30  WARN 2344 --- [           main] JpaBaseConfiguration$JpaWebConfiguration : spring.jpa.open-in-view is enabled by default. Therefore, database queries may be performed during view rendering. Explicitly configure spring.jpa.open-in-view to disable this warning
2024-06-18T15:17:10.842+05:30  INFO 2344 --- [           main] c.n.nvBackend.NvBackendApplicationTests  : Started NvBackendApplicationTests in 8.244 seconds (process running for 9.762)
]]></system-out>
  </testcase>
</testsuite>