<?xml version="1.0" encoding="UTF-8"?>
<testsuite xmlns:xsi="http://www.w3.org/2001/XMLSchema-instance" xsi:noNamespaceSchemaLocation="https://maven.apache.org/surefire/maven-surefire-plugin/xsd/surefire-test-report-3.0.xsd" version="3.0" name="com.nightvigilance.nvBackend.NvBackendApplicationTests" time="6.77" tests="1" errors="0" skipped="0" failures="0">
  <properties>
[...]
</properties>
  <testcase name="contextLoads" classname="com.nightvigilance.nvBackend.NvBackendApplicationTests" time="0.416">
    <system-out><![CDATA[09:36:08.002 [main] INFO org.springframework.test.context.support.AnnotationConfigContextLoaderUtils -- Could not detect default configuration classes for test class [com.nightvigilance.nvBackend.NvBackendApplicationTests]: NvBackendApplicationTests does not declare any static, non-private, non-final, nested classes annotated with @Configuration.
09:36:08.119 [main] INFO org.springframework.boot.test.context.SpringBootTestContextBootstrapper -- Found @SpringBootConfiguration com.nightvigilance.nvBackend.NvBackendApplication for test class com.nightvigilance.nvBackend.NvBackendApplicationTests
09:36:08.336 [main] INFO org.springframework.boot.devtools.restart.RestartApplicationListener -- Restart disabled due to context in which it is running
  .   ____          _            __ _ _
 /\\ / ___'_ __ _ _(_)_ __  __ _ \ \ \ \
( ( )\___ | '_ | '_| | '_ \/ _` | \ \ \ \
 \\/  ___)| |_)| | | | | || (_| |  ) ) ) )
  '  |____| .__|_| |_|_| |_\__, | / / / /
 =========|_|==============|___/=/_/_/_/

 :: Spring Boot ::                (v3.3.0)

2024-06-25T09:36:08.710+05:30  INFO 8940 --- [           main] c.n.nvBackend.NvBackendApplicationTests  : Starting NvBackendApplicationTests using Java 17.0.11 with PID 8940 (started by romit in C:\Users\romit\Desktop\nv-backend-fork\nvBackend)
2024-06-25T09:36:08.712+05:30  INFO 8940 --- [           main] c.n.nvBackend.NvBackendApplicationTests  : No active profile set, falling back to 1 default profile: "default"
2024-06-25T09:36:09.543+05:30  INFO 8940 --- [           main] .s.d.r.c.RepositoryConfigurationDelegate : Bootstrapping Spring Data JPA repositories in DEFAULT mode.
2024-06-25T09:36:09.673+05:30  INFO 8940 --- [           main] .s.d.r.c.RepositoryConfigurationDelegate : Finished Spring Data repository scanning in 122 ms. Found 10 JPA repository interfaces.
2024-06-25T09:36:10.459+05:30  INFO 8940 --- [           main] o.hibernate.jpa.internal.util.LogHelper  : HHH000204: Processing PersistenceUnitInfo [name: default]
2024-06-25T09:36:10.611+05:30  INFO 8940 --- [           main] org.hibernate.Version                    : HHH000412: Hibernate ORM core version 6.5.2.Final
2024-06-25T09:36:10.669+05:30  INFO 8940 --- [           main] o.h.c.internal.RegionFactoryInitiator    : HHH000026: Second-level cache disabled
2024-06-25T09:36:11.063+05:30  INFO 8940 --- [           main] o.s.o.j.p.SpringPersistenceUnitInfo      : No LoadTimeWeaver setup: ignoring JPA class transformer
2024-06-25T09:36:11.114+05:30  INFO 8940 --- [           main] com.zaxxer.hikari.HikariDataSource       : HikariPool-1 - Starting...
2024-06-25T09:36:11.388+05:30  INFO 8940 --- [           main] com.zaxxer.hikari.pool.HikariPool        : HikariPool-1 - Added connection com.mysql.cj.jdbc.ConnectionImpl@5ba184fc
2024-06-25T09:36:11.390+05:30  INFO 8940 --- [           main] com.zaxxer.hikari.HikariDataSource       : HikariPool-1 - Start completed.
2024-06-25T09:36:11.457+05:30  WARN 8940 --- [           main] org.hibernate.orm.deprecation            : HHH90000025: MySQLDialect does not need to be specified explicitly using 'hibernate.dialect' (remove the property setting and it will be selected by default)
2024-06-25T09:36:12.518+05:30  INFO 8940 --- [           main] o.h.e.t.j.p.i.JtaPlatformInitiator       : HHH000489: No JTA platform available (set 'hibernate.transaction.jta.platform' to enable JTA platform integration)
2024-06-25T09:36:12.647+05:30  INFO 8940 --- [           main] j.LocalContainerEntityManagerFactoryBean : Initialized JPA EntityManagerFactory for persistence unit 'default'
2024-06-25T09:36:13.513+05:30  WARN 8940 --- [           main] JpaBaseConfiguration$JpaWebConfiguration : spring.jpa.open-in-view is enabled by default. Therefore, database queries may be performed during view rendering. Explicitly configure spring.jpa.open-in-view to disable this warning
2024-06-25T09:36:14.156+05:30  INFO 8940 --- [           main] c.n.nvBackend.NvBackendApplicationTests  : Started NvBackendApplicationTests in 5.833 seconds (process running for 6.962)
]]></system-out>
  </testcase>
</testsuite>